app/build/intermediates/manifest_merge_blame_file/debug/manifest-merger-blame-debug-report.txt
1<?xml version="1.0" encoding="utf-8"?>
2<manifest xmlns:android="http://schemas.android.com/apk/res/android"
3    package="com.phuket.tour.audioplayer"
4    android:versionCode="1"
5    android:versionName="1.0" >
6
7    <uses-sdk
7-->src/main/AndroidManifest.xml:7:5-9:41
8        android:minSdkVersion="14"
8-->src/main/AndroidManifest.xml:8:9-35
9        android:targetSdkVersion="21" />
9-->src/main/AndroidManifest.xml:9:9-38
10
11    <uses-permission android:name="android.permission.WRITE_EXTERNAL_STORAGE" />
11-->src/main/AndroidManifest.xml:11:5-81
11-->src/main/AndroidManifest.xml:11:22-78
12
13    <application
13-->src/main/AndroidManifest.xml:13:5-27:19
14        android:allowBackup="true"
14-->src/main/AndroidManifest.xml:14:9-35
15        android:debuggable="true"
16        android:icon="@drawable/ic_launcher"
16-->src/main/AndroidManifest.xml:15:9-45
17        android:label="@string/app_name"
17-->src/main/AndroidManifest.xml:16:9-41
18        android:testOnly="true"
19        android:theme="@style/AppTheme" >
19-->src/main/AndroidManifest.xml:17:9-40
20        <activity
20-->src/main/AndroidManifest.xml:18:9-26:20
21            android:name="com.phuket.tour.audioplayer.MainActivity"
21-->src/main/AndroidManifest.xml:19:13-41
22            android:label="@string/app_name" >
22-->src/main/AndroidManifest.xml:20:13-45
23            <intent-filter>
23-->src/main/AndroidManifest.xml:21:13-25:29
24                <action android:name="android.intent.action.MAIN" />
24-->src/main/AndroidManifest.xml:22:17-69
24-->src/main/AndroidManifest.xml:22:25-66
25
26                <category android:name="android.intent.category.LAUNCHER" />
26-->src/main/AndroidManifest.xml:24:17-77
26-->src/main/AndroidManifest.xml:24:27-74
27            </intent-filter>
28        </activity>
29    </application>
30
31</manifest>